<?xml version="1.0" encoding="UTF-8"?>
<!-- Generated by org.testng.reporters.JUnitXMLReporter -->
<testsuite hostname="DESKTOP-11SJ4LJ" ignored="0" name="Add Product to Basket" tests="3" failures="2" timestamp="2022-01-12T11:14:57 GMT" time="169.228" errors="0">
  <testcase name="addProductToBasket" time="65.231" classname="testcases.AddProductToBasketTest">
    <failure type="java.lang.AssertionError" message="null">
      <![CDATA[java.lang.AssertionError: null
at testcases.AddProductToBasketTest.addProductToBasket(AddProductToBasketTest.java:71)
at java.util.ArrayList.forEach(Unknown Source)
... Removed 29 stack frames]]>
    </failure>
  </testcase> <!-- addProductToBasket -->
  <testcase name="addProductToBasket" time="46.565" classname="testcases.AddProductToBasketTest"/>
  <testcase name="addProductToBasket" time="50.639" classname="testcases.AddProductToBasketTest">
    <failure type="java.lang.AssertionError" message="null">
      <![CDATA[java.lang.AssertionError: null
at testcases.AddProductToBasketTest.addProductToBasket(AddProductToBasketTest.java:71)
at java.util.ArrayList.forEach(Unknown Source)
... Removed 29 stack frames]]>
    </failure>
  </testcase> <!-- addProductToBasket -->
</testsuite> <!-- Add Product to Basket -->
