<?xml version="1.0" encoding="UTF-8"?>
<!-- Generated by org.testng.reporters.JUnitXMLReporter -->
<testsuite hostname="DESKTOP-11SJ4LJ" ignored="0" name="Other Currys Website Navigation" tests="3" failures="0" timestamp="2022-01-12T11:44:27 GMT" time="63.69" errors="0">
  <testcase name="otherCurrysWebsiteNavigation" time="23.493" classname="testcases.OtherCurrysWebsiteNavigationTest"/>
  <testcase name="otherCurrysWebsiteNavigation" time="16.998" classname="testcases.OtherCurrysWebsiteNavigationTest"/>
  <testcase name="otherCurrysWebsiteNavigation" time="19.441" classname="testcases.OtherCurrysWebsiteNavigationTest"/>
</testsuite> <!-- Other Currys Website Navigation -->
