<?xml version="1.0" encoding="UTF-8"?>
<!-- Generated by org.testng.reporters.JUnitXMLReporter -->
<testsuite hostname="DESKTOP-11SJ4LJ" ignored="0" name="TC007_TC001_Navigation to other Currys website" tests="3" failures="1" timestamp="2022-01-13T10:59:09 GMT" time="72.231" errors="0">
  <testcase name="navigateToOtherCurrysWebsites" time="20.659" classname="testcases.TC007TC001NavigationToOtherCurrysWebsiteTest">
    <failure type="java.lang.AssertionError" message="null">
      <![CDATA[java.lang.AssertionError: null
at testcases.TC007TC001NavigationToOtherCurrysWebsiteTest.navigateToOtherCurrysWebsites(TC007TC001NavigationToOtherCurrysWebsiteTest.java:63)
at java.util.ArrayList.forEach(Unknown Source)
... Removed 29 stack frames]]>
    </failure>
  </testcase> <!-- navigateToOtherCurrysWebsites -->
  <testcase name="navigateToOtherCurrysWebsites" time="19.543" classname="testcases.TC007TC001NavigationToOtherCurrysWebsiteTest"/>
  <testcase name="navigateToOtherCurrysWebsites" time="27.35" classname="testcases.TC007TC001NavigationToOtherCurrysWebsiteTest"/>
</testsuite> <!-- TC007_TC001_Navigation to other Currys website -->
