<?xml version="1.0" encoding="UTF-8"?>
<!-- Generated by org.testng.reporters.JUnitXMLReporter -->
<testsuite hostname="DESKTOP-11SJ4LJ" ignored="0" name="TC007_TC001_Navigation to other Currys website" tests="3" failures="0" timestamp="2022-01-13T18:04:08 GMT" time="64.331" errors="0">
  <testcase name="navigateToOtherCurrysWebsites" time="19.905" classname="testcases.TC007TC001NavigationToOtherCurrysWebsiteTest"/>
  <testcase name="navigateToOtherCurrysWebsites" time="21.593" classname="testcases.TC007TC001NavigationToOtherCurrysWebsiteTest"/>
  <testcase name="navigateToOtherCurrysWebsites" time="17.553" classname="testcases.TC007TC001NavigationToOtherCurrysWebsiteTest"/>
</testsuite> <!-- TC007_TC001_Navigation to other Currys website -->
