<?xml version="1.0" encoding="UTF-8"?>
<!-- Generated by org.testng.reporters.JUnitXMLReporter -->
<testsuite hostname="DESKTOP-11SJ4LJ" ignored="0" name="Track order to be delivered today" tests="2" failures="0" timestamp="2022-01-10T11:29:00 GMT" time="64.883" errors="0">
  <testcase name="trackOurOrder" time="40.349" classname="testcases.TrackTodayOrderDeliveryTest"/>
  <testcase name="trackOurOrder" time="21.34" classname="testcases.TrackTodayOrderDeliveryTest"/>
</testsuite> <!-- Track order to be delivered today -->
