<?xml version="1.0" encoding="UTF-8"?>
<!-- Generated by org.testng.reporters.JUnitXMLReporter -->
<testsuite hostname="DESKTOP-11SJ4LJ" ignored="0" name="TS005_TC001_Track your order to be delivered today" tests="2" failures="0" timestamp="2022-01-13T18:02:08 GMT" time="52.78" errors="0">
  <testcase name="trackYourOrder" time="26.553" classname="testcases.TS005TC001TrackYourOrderDeliveryTodayTest"/>
  <testcase name="trackYourOrder" time="23.419" classname="testcases.TS005TC001TrackYourOrderDeliveryTodayTest"/>
</testsuite> <!-- TS005_TC001_Track your order to be delivered today -->
