<?xml version="1.0" encoding="UTF-8"?>
<!-- Generated by org.testng.reporters.JUnitXMLReporter -->
<testsuite hostname="DESKTOP-11SJ4LJ" ignored="0" name="TS003_TC001_Navigation to main menu product page" tests="8" failures="1" timestamp="2022-01-13T17:58:41 GMT" time="209.145" errors="0">
  <testcase name="pageNavigation" time="22.681" classname="testcases.TS003TC001NavigationToMainMenuProductTest"/>
  <testcase name="pageNavigation" time="23.371" classname="testcases.TS003TC001NavigationToMainMenuProductTest"/>
  <testcase name="pageNavigation" time="22.315" classname="testcases.TS003TC001NavigationToMainMenuProductTest"/>
  <testcase name="pageNavigation" time="35.331" classname="testcases.TS003TC001NavigationToMainMenuProductTest"/>
  <testcase name="pageNavigation" time="22.237" classname="testcases.TS003TC001NavigationToMainMenuProductTest"/>
  <testcase name="pageNavigation" time="22.956" classname="testcases.TS003TC001NavigationToMainMenuProductTest"/>
  <testcase name="pageNavigation" time="24.159" classname="testcases.TS003TC001NavigationToMainMenuProductTest"/>
  <testcase name="pageNavigation" time="24.753" classname="testcases.TS003TC001NavigationToMainMenuProductTest">
    <failure type="java.lang.AssertionError" message="null">
      <![CDATA[java.lang.AssertionError: null
at testcases.TS003TC001NavigationToMainMenuProductTest.pageItemTitleValidation(TS003TC001NavigationToMainMenuProductTest.java:60)
at testcases.TS003TC001NavigationToMainMenuProductTest.pageNavigation(TS003TC001NavigationToMainMenuProductTest.java:117)
at java.util.ArrayList.forEach(Unknown Source)
... Removed 29 stack frames]]>
    </failure>
  </testcase> <!-- pageNavigation -->
</testsuite> <!-- TS003_TC001_Navigation to main menu product page -->
