<?xml version="1.0" encoding="UTF-8"?>
<!-- Generated by org.testng.reporters.JUnitXMLReporter -->
<testsuite hostname="DESKTOP-11SJ4LJ" ignored="0" name="TS006_TC001_Find a store" tests="2" failures="0" timestamp="2022-01-13T18:03:03 GMT" time="54.97" errors="0">
  <testcase name="currysStoreFinder" time="22.791" classname="testcases.TS006TC001FindAStoreTest"/>
  <testcase name="currysStoreFinder" time="28.894" classname="testcases.TS006TC001FindAStoreTest"/>
</testsuite> <!-- TS006_TC001_Find a store -->
