<?xml version="1.0" encoding="UTF-8"?>
<!-- Generated by org.testng.reporters.JUnitXMLReporter -->
<testsuite hostname="DESKTOP-11SJ4LJ" ignored="0" name="TS003_TC001_Navigation to main menu product page" tests="8" failures="1" timestamp="2022-01-13T10:53:34 GMT" time="210.699" errors="0">
  <testcase name="pageNavigation" time="22.552" classname="testcases.TS003TC001NavigationToMainMenuProductTest"/>
  <testcase name="pageNavigation" time="25.356" classname="testcases.TS003TC001NavigationToMainMenuProductTest"/>
  <testcase name="pageNavigation" time="26.758" classname="testcases.TS003TC001NavigationToMainMenuProductTest"/>
  <testcase name="pageNavigation" time="24.666" classname="testcases.TS003TC001NavigationToMainMenuProductTest"/>
  <testcase name="pageNavigation" time="24.013" classname="testcases.TS003TC001NavigationToMainMenuProductTest"/>
  <testcase name="pageNavigation" time="26.952" classname="testcases.TS003TC001NavigationToMainMenuProductTest"/>
  <testcase name="pageNavigation" time="22.185" classname="testcases.TS003TC001NavigationToMainMenuProductTest"/>
  <testcase name="pageNavigation" time="27.435" classname="testcases.TS003TC001NavigationToMainMenuProductTest">
    <failure type="java.lang.AssertionError" message="null">
      <![CDATA[java.lang.AssertionError: null
at testcases.TS003TC001NavigationToMainMenuProductTest.pageItemTitleValidation(TS003TC001NavigationToMainMenuProductTest.java:60)
at testcases.TS003TC001NavigationToMainMenuProductTest.pageNavigation(TS003TC001NavigationToMainMenuProductTest.java:117)
at java.util.ArrayList.forEach(Unknown Source)
... Removed 29 stack frames]]>
    </failure>
  </testcase> <!-- pageNavigation -->
</testsuite> <!-- TS003_TC001_Navigation to main menu product page -->
