<?xml version="1.0" encoding="UTF-8"?>
<!-- Generated by org.testng.reporters.JUnitXMLReporter -->
<testsuite hostname="DESKTOP-11SJ4LJ" ignored="0" name="TS005_TC001_Track your order to be delivered today" tests="2" failures="0" timestamp="2022-01-13T10:57:02 GMT" time="52.231" errors="0">
  <testcase name="trackYourOrder" time="25.924" classname="testcases.TS005TC001TrackYourOrderDeliveryTodayTest"/>
  <testcase name="trackYourOrder" time="23.4" classname="testcases.TS005TC001TrackYourOrderDeliveryTodayTest"/>
</testsuite> <!-- TS005_TC001_Track your order to be delivered today -->
