<?xml version="1.0" encoding="UTF-8"?>
<testng-results skipped="0" failed="1" ignored="0" total="3" passed="2">
  <reporter-output>
  </reporter-output>
  <suite name="Suite" duration-ms="61230" started-at="2022-01-06T19:48:57 GMT" finished-at="2022-01-06T19:49:58 GMT">
    <groups>
    </groups>
    <test name="Load Page Verify URL and Logo" duration-ms="17398" started-at="2022-01-06T19:48:57 GMT" finished-at="2022-01-06T19:49:14 GMT">
      <class name="testcases.LoadPageVerifyURLAndLogoTest">
        <test-method status="PASS" signature="loadPageVerifyURLAndLogo(java.lang.String,java.lang.String)[pri:0, instance:testcases.LoadPageVerifyURLAndLogoTest@5a2d131d]" name="loadPageVerifyURLAndLogo" duration-ms="16361" started-at="2022-01-06T19:48:57 GMT" data-provider="dp1" finished-at="2022-01-06T19:49:13 GMT">
          <params>
            <param index="0">
              <value>
                <![CDATA[chrome]]>
              </value>
            </param>
            <param index="1">
              <value>
                <![CDATA[https://www.currys.co.uk/gbuk/index.html]]>
              </value>
            </param>
          </params>
          <reporter-output>
          </reporter-output>
        </test-method> <!-- loadPageVerifyURLAndLogo -->
        <test-method status="PASS" signature="tearDown()[pri:0, instance:testcases.LoadPageVerifyURLAndLogoTest@5a2d131d]" name="tearDown" is-config="true" duration-ms="920" started-at="2022-01-06T19:49:13 GMT" finished-at="2022-01-06T19:49:14 GMT">
          <reporter-output>
          </reporter-output>
        </test-method> <!-- tearDown -->
      </class> <!-- testcases.LoadPageVerifyURLAndLogoTest -->
    </test> <!-- Load Page Verify URL and Logo -->
    <test name="Page navigation" duration-ms="43142" started-at="2022-01-06T19:49:15 GMT" finished-at="2022-01-06T19:49:58 GMT">
      <class name="testcases.MainMenuPageNavigationTest">
        <test-method status="PASS" signature="pageNavigation(java.lang.String,java.lang.String,java.lang.String,java.lang.String)[pri:0, instance:testcases.MainMenuPageNavigationTest@6bffbc6d]" name="pageNavigation" duration-ms="17991" started-at="2022-01-06T19:49:15 GMT" data-provider="dp1" finished-at="2022-01-06T19:49:33 GMT">
          <params>
            <param index="0">
              <value>
                <![CDATA[chrome]]>
              </value>
            </param>
            <param index="1">
              <value>
                <![CDATA[Smart Tech]]>
              </value>
            </param>
            <param index="2">
              <value>
                <![CDATA[Smart Tech - Get the latest Smart Tech online here | Currys]]>
              </value>
            </param>
            <param index="3">
              <value>
                <![CDATA[Smart Tech]]>
              </value>
            </param>
          </params>
          <reporter-output>
          </reporter-output>
        </test-method> <!-- pageNavigation -->
        <test-method status="PASS" signature="tearDown()[pri:0, instance:testcases.MainMenuPageNavigationTest@6bffbc6d]" name="tearDown" is-config="true" duration-ms="1102" started-at="2022-01-06T19:49:33 GMT" finished-at="2022-01-06T19:49:34 GMT">
          <reporter-output>
          </reporter-output>
        </test-method> <!-- tearDown -->
        <test-method status="FAIL" signature="pageNavigation(java.lang.String,java.lang.String,java.lang.String,java.lang.String)[pri:0, instance:testcases.MainMenuPageNavigationTest@6bffbc6d]" name="pageNavigation" duration-ms="22619" started-at="2022-01-06T19:49:34 GMT" data-provider="dp1" finished-at="2022-01-06T19:49:57 GMT">
          <params>
            <param index="0">
              <value>
                <![CDATA[chrome]]>
              </value>
            </param>
            <param index="1">
              <value>
                <![CDATA[Home & Outdoor]]>
              </value>
            </param>
            <param index="2">
              <value>
                <![CDATA[Home & Outdoor Accessories | Currys]]>
              </value>
            </param>
            <param index="3">
              <value>
                <![CDATA[home and outdoor]]>
              </value>
            </param>
          </params>
          <exception class="java.lang.AssertionError">
            <message>
              <![CDATA[null]]>
            </message>
            <full-stacktrace>
              <![CDATA[java.lang.AssertionError: null
at org.testng.Assert.fail(Assert.java:99)
at org.testng.Assert.fail(Assert.java:106)
at testcases.MainMenuPageNavigationTest.pageItemTitleValidation(MainMenuPageNavigationTest.java:58)
at testcases.MainMenuPageNavigationTest.pageNavigation(MainMenuPageNavigationTest.java:110)
at sun.reflect.NativeMethodAccessorImpl.invoke0(Native Method)
at sun.reflect.NativeMethodAccessorImpl.invoke(Unknown Source)
at sun.reflect.DelegatingMethodAccessorImpl.invoke(Unknown Source)
at java.lang.reflect.Method.invoke(Unknown Source)
at org.testng.internal.MethodInvocationHelper.invokeMethod(MethodInvocationHelper.java:133)
at org.testng.internal.TestInvoker.invokeMethod(TestInvoker.java:598)
at org.testng.internal.TestInvoker.invokeTestMethod(TestInvoker.java:173)
at org.testng.internal.MethodRunner.runInSequence(MethodRunner.java:46)
at org.testng.internal.TestInvoker$MethodInvocationAgent.invoke(TestInvoker.java:824)
at org.testng.internal.TestInvoker.invokeTestMethods(TestInvoker.java:146)
at org.testng.internal.TestMethodWorker.invokeTestMethods(TestMethodWorker.java:146)
at org.testng.internal.TestMethodWorker.run(TestMethodWorker.java:128)
at java.util.ArrayList.forEach(Unknown Source)
at org.testng.TestRunner.privateRun(TestRunner.java:794)
at org.testng.TestRunner.run(TestRunner.java:596)
at org.testng.SuiteRunner.runTest(SuiteRunner.java:377)
at org.testng.SuiteRunner.runSequentially(SuiteRunner.java:371)
at org.testng.SuiteRunner.privateRun(SuiteRunner.java:332)
at org.testng.SuiteRunner.run(SuiteRunner.java:276)
at org.testng.SuiteRunnerWorker.runSuite(SuiteRunnerWorker.java:53)
at org.testng.SuiteRunnerWorker.run(SuiteRunnerWorker.java:96)
at org.testng.TestNG.runSuitesSequentially(TestNG.java:1212)
at org.testng.TestNG.runSuitesLocally(TestNG.java:1134)
at org.testng.TestNG.runSuites(TestNG.java:1063)
at org.testng.TestNG.run(TestNG.java:1031)
at org.testng.remote.AbstractRemoteTestNG.run(AbstractRemoteTestNG.java:115)
at org.testng.remote.RemoteTestNG.initAndRun(RemoteTestNG.java:251)
at org.testng.remote.RemoteTestNG.main(RemoteTestNG.java:77)
]]>
            </full-stacktrace>
          </exception> <!-- java.lang.AssertionError -->
          <reporter-output>
          </reporter-output>
        </test-method> <!-- pageNavigation -->
        <test-method status="PASS" signature="tearDown()[pri:0, instance:testcases.MainMenuPageNavigationTest@6bffbc6d]" name="tearDown" is-config="true" duration-ms="1015" started-at="2022-01-06T19:49:57 GMT" finished-at="2022-01-06T19:49:58 GMT">
          <reporter-output>
          </reporter-output>
        </test-method> <!-- tearDown -->
      </class> <!-- testcases.MainMenuPageNavigationTest -->
    </test> <!-- Page navigation -->
  </suite> <!-- Suite -->
</testng-results>
